2025-03-21 15:15:13,181 - root - INFO - Model initialized.
2025-03-21 15:15:22,458 - root - INFO - Epoch 1: Train Loss: 1.6305, Train Acc: 0.8565, Test Loss: 1.5114, Test Acc: 0.9563
2025-03-21 15:15:22,478 - root - INFO - New best model saved with Test Accuracy: 0.9563
2025-03-21 15:15:31,578 - root - INFO - Epoch 2: Train Loss: 1.5054, Train Acc: 0.9615, Test Loss: 1.4897, Test Acc: 0.9760
2025-03-21 15:15:31,594 - root - INFO - New best model saved with Test Accuracy: 0.9760
2025-03-21 15:15:40,525 - root - INFO - Epoch 3: Train Loss: 1.4919, Train Acc: 0.9728, Test Loss: 1.4873, Test Acc: 0.9769
2025-03-21 15:15:40,542 - root - INFO - New best model saved with Test Accuracy: 0.9769
2025-03-21 15:15:49,385 - root - INFO - Epoch 4: Train Loss: 1.4853, Train Acc: 0.9786, Test Loss: 1.4798, Test Acc: 0.9835
2025-03-21 15:15:49,401 - root - INFO - New best model saved with Test Accuracy: 0.9835
2025-03-21 15:15:58,417 - root - INFO - Epoch 5: Train Loss: 1.4818, Train Acc: 0.9812, Test Loss: 1.4770, Test Acc: 0.9854
2025-03-21 15:15:58,432 - root - INFO - New best model saved with Test Accuracy: 0.9854
2025-03-21 15:16:07,258 - root - INFO - Epoch 6: Train Loss: 1.4788, Train Acc: 0.9840, Test Loss: 1.4758, Test Acc: 0.9870
2025-03-21 15:16:07,272 - root - INFO - New best model saved with Test Accuracy: 0.9870
2025-03-21 15:16:16,465 - root - INFO - Epoch 7: Train Loss: 1.4767, Train Acc: 0.9861, Test Loss: 1.4750, Test Acc: 0.9869
2025-03-21 15:16:25,288 - root - INFO - Epoch 8: Train Loss: 1.4750, Train Acc: 0.9878, Test Loss: 1.4728, Test Acc: 0.9892
2025-03-21 15:16:25,303 - root - INFO - New best model saved with Test Accuracy: 0.9892
2025-03-21 15:16:34,171 - root - INFO - Epoch 9: Train Loss: 1.4732, Train Acc: 0.9893, Test Loss: 1.4722, Test Acc: 0.9896
2025-03-21 15:16:34,186 - root - INFO - New best model saved with Test Accuracy: 0.9896
2025-03-21 15:16:42,996 - root - INFO - Epoch 10: Train Loss: 1.4722, Train Acc: 0.9901, Test Loss: 1.4706, Test Acc: 0.9921
2025-03-21 15:16:43,014 - root - INFO - New best model saved with Test Accuracy: 0.9921
2025-03-21 15:16:43,268 - root - INFO - Training completed. Model and plots saved.
2025-03-21 15:17:27,514 - root - INFO - Model initialized.
2025-03-21 15:17:36,544 - root - INFO - Epoch 1: Train Loss: 1.7012, Train Acc: 0.7773, Test Loss: 1.5996, Test Acc: 0.8657
2025-03-21 15:17:36,564 - root - INFO - New best model saved with Test Accuracy: 0.8657
2025-03-21 15:17:45,364 - root - INFO - Epoch 2: Train Loss: 1.5423, Train Acc: 0.9245, Test Loss: 1.4938, Test Acc: 0.9721
2025-03-21 15:17:45,381 - root - INFO - New best model saved with Test Accuracy: 0.9721
2025-03-21 15:17:54,150 - root - INFO - Epoch 3: Train Loss: 1.4924, Train Acc: 0.9726, Test Loss: 1.4837, Test Acc: 0.9801
2025-03-21 15:17:54,168 - root - INFO - New best model saved with Test Accuracy: 0.9801
2025-03-21 15:18:02,867 - root - INFO - Epoch 4: Train Loss: 1.4852, Train Acc: 0.9784, Test Loss: 1.4812, Test Acc: 0.9823
2025-03-21 15:18:02,884 - root - INFO - New best model saved with Test Accuracy: 0.9823
2025-03-21 15:18:11,674 - root - INFO - Epoch 5: Train Loss: 1.4814, Train Acc: 0.9818, Test Loss: 1.4792, Test Acc: 0.9839
2025-03-21 15:18:11,692 - root - INFO - New best model saved with Test Accuracy: 0.9839
2025-03-21 15:18:20,578 - root - INFO - Epoch 6: Train Loss: 1.4791, Train Acc: 0.9836, Test Loss: 1.4756, Test Acc: 0.9865
2025-03-21 15:18:20,594 - root - INFO - New best model saved with Test Accuracy: 0.9865
2025-03-21 15:18:29,225 - root - INFO - Epoch 7: Train Loss: 1.4763, Train Acc: 0.9867, Test Loss: 1.4739, Test Acc: 0.9887
2025-03-21 15:18:29,242 - root - INFO - New best model saved with Test Accuracy: 0.9887
2025-03-21 15:18:37,971 - root - INFO - Epoch 8: Train Loss: 1.4744, Train Acc: 0.9879, Test Loss: 1.4757, Test Acc: 0.9867
2025-03-21 15:18:46,686 - root - INFO - Epoch 9: Train Loss: 1.4734, Train Acc: 0.9890, Test Loss: 1.4731, Test Acc: 0.9887
2025-03-21 15:18:55,401 - root - INFO - Epoch 10: Train Loss: 1.4722, Train Acc: 0.9901, Test Loss: 1.4730, Test Acc: 0.9893
2025-03-21 15:18:55,418 - root - INFO - New best model saved with Test Accuracy: 0.9893
2025-03-21 15:18:55,600 - root - INFO - Training completed. Model and plots saved.
2025-03-21 15:31:19,531 - root - INFO - Model initialized.
2025-03-21 15:31:29,111 - root - INFO - Epoch 1: Train Loss: 1.5976, Train Acc: 0.8856, Test Loss: 1.5012, Test Acc: 0.9644
2025-03-21 15:31:29,133 - root - INFO - New best model saved with Test Accuracy: 0.9644
2025-03-21 15:31:38,498 - root - INFO - Epoch 2: Train Loss: 1.4977, Train Acc: 0.9677, Test Loss: 1.4878, Test Acc: 0.9761
2025-03-21 15:31:38,515 - root - INFO - New best model saved with Test Accuracy: 0.9761
2025-03-21 15:31:47,887 - root - INFO - Epoch 3: Train Loss: 1.4877, Train Acc: 0.9761, Test Loss: 1.4841, Test Acc: 0.9795
2025-03-21 15:31:47,904 - root - INFO - New best model saved with Test Accuracy: 0.9795
2025-03-21 15:31:57,247 - root - INFO - Epoch 4: Train Loss: 1.4823, Train Acc: 0.9809, Test Loss: 1.4755, Test Acc: 0.9878
2025-03-21 15:31:57,263 - root - INFO - New best model saved with Test Accuracy: 0.9878
2025-03-21 15:32:06,610 - root - INFO - Epoch 5: Train Loss: 1.4786, Train Acc: 0.9844, Test Loss: 1.4774, Test Acc: 0.9851
2025-03-21 15:32:15,946 - root - INFO - Epoch 6: Train Loss: 1.4765, Train Acc: 0.9861, Test Loss: 1.4748, Test Acc: 0.9876
2025-03-21 15:32:25,289 - root - INFO - Epoch 7: Train Loss: 1.4745, Train Acc: 0.9880, Test Loss: 1.4734, Test Acc: 0.9889
2025-03-21 15:32:25,305 - root - INFO - New best model saved with Test Accuracy: 0.9889
2025-03-21 15:32:34,559 - root - INFO - Epoch 8: Train Loss: 1.4723, Train Acc: 0.9901, Test Loss: 1.4725, Test Acc: 0.9892
2025-03-21 15:32:34,575 - root - INFO - New best model saved with Test Accuracy: 0.9892
2025-03-21 15:32:43,758 - root - INFO - Epoch 9: Train Loss: 1.4715, Train Acc: 0.9908, Test Loss: 1.4716, Test Acc: 0.9901
2025-03-21 15:32:43,773 - root - INFO - New best model saved with Test Accuracy: 0.9901
2025-03-21 15:32:52,964 - root - INFO - Epoch 10: Train Loss: 1.4705, Train Acc: 0.9916, Test Loss: 1.4720, Test Acc: 0.9901
2025-03-21 15:33:02,165 - root - INFO - Epoch 11: Train Loss: 1.4697, Train Acc: 0.9923, Test Loss: 1.4703, Test Acc: 0.9914
2025-03-21 15:33:02,181 - root - INFO - New best model saved with Test Accuracy: 0.9914
2025-03-21 15:33:11,410 - root - INFO - Epoch 12: Train Loss: 1.4691, Train Acc: 0.9928, Test Loss: 1.4719, Test Acc: 0.9894
2025-03-21 15:33:20,670 - root - INFO - Epoch 13: Train Loss: 1.4685, Train Acc: 0.9933, Test Loss: 1.4706, Test Acc: 0.9908
2025-03-21 15:33:29,944 - root - INFO - Epoch 14: Train Loss: 1.4678, Train Acc: 0.9940, Test Loss: 1.4708, Test Acc: 0.9904
2025-03-21 15:33:39,197 - root - INFO - Epoch 15: Train Loss: 1.4672, Train Acc: 0.9947, Test Loss: 1.4713, Test Acc: 0.9901
2025-03-21 15:33:39,466 - root - INFO - Training completed. Model and plots saved.
2025-03-21 15:34:38,947 - root - INFO - Model initialized.
2025-03-21 15:34:50,385 - root - INFO - Epoch 1: Train Loss: 1.5987, Train Acc: 0.8760, Test Loss: 1.4897, Test Acc: 0.9753
2025-03-21 15:34:50,406 - root - INFO - New best model saved with Test Accuracy: 0.9753
2025-03-21 15:35:01,594 - root - INFO - Epoch 2: Train Loss: 1.4909, Train Acc: 0.9732, Test Loss: 1.4850, Test Acc: 0.9778
2025-03-21 15:35:01,610 - root - INFO - New best model saved with Test Accuracy: 0.9778
2025-03-21 15:35:12,852 - root - INFO - Epoch 3: Train Loss: 1.4829, Train Acc: 0.9800, Test Loss: 1.4795, Test Acc: 0.9835
2025-03-21 15:35:12,867 - root - INFO - New best model saved with Test Accuracy: 0.9835
2025-03-21 15:35:24,142 - root - INFO - Epoch 4: Train Loss: 1.4783, Train Acc: 0.9843, Test Loss: 1.4752, Test Acc: 0.9870
2025-03-21 15:35:24,159 - root - INFO - New best model saved with Test Accuracy: 0.9870
2025-03-21 15:35:35,326 - root - INFO - Epoch 5: Train Loss: 1.4753, Train Acc: 0.9870, Test Loss: 1.4748, Test Acc: 0.9868
2025-03-21 15:35:46,525 - root - INFO - Epoch 6: Train Loss: 1.4735, Train Acc: 0.9885, Test Loss: 1.4729, Test Acc: 0.9883
2025-03-21 15:35:46,540 - root - INFO - New best model saved with Test Accuracy: 0.9883
2025-03-21 15:35:57,739 - root - INFO - Epoch 7: Train Loss: 1.4720, Train Acc: 0.9900, Test Loss: 1.4713, Test Acc: 0.9901
2025-03-21 15:35:57,755 - root - INFO - New best model saved with Test Accuracy: 0.9901
2025-03-21 15:36:08,871 - root - INFO - Epoch 8: Train Loss: 1.4711, Train Acc: 0.9907, Test Loss: 1.4717, Test Acc: 0.9899
2025-03-21 15:36:19,969 - root - INFO - Epoch 9: Train Loss: 1.4700, Train Acc: 0.9917, Test Loss: 1.4723, Test Acc: 0.9891
2025-03-21 15:36:31,128 - root - INFO - Epoch 10: Train Loss: 1.4690, Train Acc: 0.9928, Test Loss: 1.4697, Test Acc: 0.9919
2025-03-21 15:36:31,146 - root - INFO - New best model saved with Test Accuracy: 0.9919
2025-03-21 15:36:42,302 - root - INFO - Epoch 11: Train Loss: 1.4682, Train Acc: 0.9934, Test Loss: 1.4704, Test Acc: 0.9912
2025-03-21 15:36:53,453 - root - INFO - Epoch 12: Train Loss: 1.4677, Train Acc: 0.9939, Test Loss: 1.4698, Test Acc: 0.9917
2025-03-21 15:37:04,481 - root - INFO - Epoch 13: Train Loss: 1.4676, Train Acc: 0.9940, Test Loss: 1.4692, Test Acc: 0.9927
2025-03-21 15:37:04,499 - root - INFO - New best model saved with Test Accuracy: 0.9927
2025-03-21 15:37:15,611 - root - INFO - Epoch 14: Train Loss: 1.4665, Train Acc: 0.9951, Test Loss: 1.4695, Test Acc: 0.9920
2025-03-21 15:37:26,638 - root - INFO - Epoch 15: Train Loss: 1.4663, Train Acc: 0.9951, Test Loss: 1.4686, Test Acc: 0.9927
2025-03-21 15:37:26,932 - root - INFO - Training completed. Model and plots saved.
2025-03-21 15:48:53,292 - root - INFO - Model initialized.
2025-03-21 15:49:04,544 - root - INFO - Epoch 1: Train Loss: 1.5689, Train Acc: 0.9044, Test Loss: 1.4886, Test Acc: 0.9758
2025-03-21 15:49:04,566 - root - INFO - New best model saved with Test Accuracy: 0.9758
2025-03-21 15:49:15,570 - root - INFO - Epoch 2: Train Loss: 1.4896, Train Acc: 0.9744, Test Loss: 1.4803, Test Acc: 0.9825
2025-03-21 15:49:15,589 - root - INFO - New best model saved with Test Accuracy: 0.9825
2025-03-21 15:49:26,626 - root - INFO - Epoch 3: Train Loss: 1.4818, Train Acc: 0.9812, Test Loss: 1.4786, Test Acc: 0.9837
2025-03-21 15:49:26,643 - root - INFO - New best model saved with Test Accuracy: 0.9837
2025-03-21 15:49:37,520 - root - INFO - Epoch 4: Train Loss: 1.4781, Train Acc: 0.9840, Test Loss: 1.4756, Test Acc: 0.9874
2025-03-21 15:49:37,537 - root - INFO - New best model saved with Test Accuracy: 0.9874
2025-03-21 15:49:48,295 - root - INFO - Epoch 5: Train Loss: 1.4755, Train Acc: 0.9866, Test Loss: 1.4743, Test Acc: 0.9875
2025-03-21 15:49:48,312 - root - INFO - New best model saved with Test Accuracy: 0.9875
2025-03-21 15:49:59,154 - root - INFO - Epoch 6: Train Loss: 1.4732, Train Acc: 0.9889, Test Loss: 1.4719, Test Acc: 0.9895
2025-03-21 15:49:59,171 - root - INFO - New best model saved with Test Accuracy: 0.9895
2025-03-21 15:50:10,006 - root - INFO - Epoch 7: Train Loss: 1.4717, Train Acc: 0.9900, Test Loss: 1.4727, Test Acc: 0.9888
2025-03-21 15:50:20,948 - root - INFO - Epoch 8: Train Loss: 1.4706, Train Acc: 0.9913, Test Loss: 1.4735, Test Acc: 0.9885
2025-03-21 15:50:31,787 - root - INFO - Epoch 9: Train Loss: 1.4698, Train Acc: 0.9919, Test Loss: 1.4704, Test Acc: 0.9914
2025-03-21 15:50:31,804 - root - INFO - New best model saved with Test Accuracy: 0.9914
2025-03-21 15:50:42,663 - root - INFO - Epoch 10: Train Loss: 1.4687, Train Acc: 0.9929, Test Loss: 1.4704, Test Acc: 0.9909
2025-03-21 15:50:53,569 - root - INFO - Epoch 11: Train Loss: 1.4684, Train Acc: 0.9933, Test Loss: 1.4708, Test Acc: 0.9907
2025-03-21 15:51:04,560 - root - INFO - Epoch 12: Train Loss: 1.4674, Train Acc: 0.9942, Test Loss: 1.4696, Test Acc: 0.9923
2025-03-21 15:51:04,577 - root - INFO - New best model saved with Test Accuracy: 0.9923
2025-03-21 15:51:15,469 - root - INFO - Epoch 13: Train Loss: 1.4670, Train Acc: 0.9946, Test Loss: 1.4710, Test Acc: 0.9901
2025-03-21 15:51:26,644 - root - INFO - Epoch 14: Train Loss: 1.4667, Train Acc: 0.9949, Test Loss: 1.4709, Test Acc: 0.9902
2025-03-21 15:51:37,722 - root - INFO - Epoch 15: Train Loss: 1.4660, Train Acc: 0.9956, Test Loss: 1.4702, Test Acc: 0.9907
2025-03-21 15:51:37,996 - root - INFO - Training completed. Model and plots saved.
2025-03-21 15:56:27,258 - root - INFO - Model initialized.
2025-03-21 15:56:41,620 - root - INFO - Epoch 1: Train Loss: 1.5476, Train Acc: 0.9231, Test Loss: 1.4834, Test Acc: 0.9795
2025-03-21 15:56:41,640 - root - INFO - New best model saved with Test Accuracy: 0.9795
2025-03-21 15:56:55,795 - root - INFO - Epoch 2: Train Loss: 1.4870, Train Acc: 0.9760, Test Loss: 1.4811, Test Acc: 0.9816
2025-03-21 15:56:55,812 - root - INFO - New best model saved with Test Accuracy: 0.9816
2025-03-21 15:57:09,921 - root - INFO - Epoch 3: Train Loss: 1.4802, Train Acc: 0.9823, Test Loss: 1.4740, Test Acc: 0.9879
2025-03-21 15:57:09,937 - root - INFO - New best model saved with Test Accuracy: 0.9879
2025-03-21 15:57:24,000 - root - INFO - Epoch 4: Train Loss: 1.4761, Train Acc: 0.9859, Test Loss: 1.4726, Test Acc: 0.9895
2025-03-21 15:57:24,015 - root - INFO - New best model saved with Test Accuracy: 0.9895
2025-03-21 15:57:38,141 - root - INFO - Epoch 5: Train Loss: 1.4733, Train Acc: 0.9886, Test Loss: 1.4732, Test Acc: 0.9883
2025-03-21 15:57:52,227 - root - INFO - Epoch 6: Train Loss: 1.4720, Train Acc: 0.9897, Test Loss: 1.4752, Test Acc: 0.9864
2025-03-21 15:58:06,292 - root - INFO - Epoch 7: Train Loss: 1.4705, Train Acc: 0.9912, Test Loss: 1.4710, Test Acc: 0.9904
2025-03-21 15:58:06,307 - root - INFO - New best model saved with Test Accuracy: 0.9904
2025-03-21 15:58:20,399 - root - INFO - Epoch 8: Train Loss: 1.4696, Train Acc: 0.9921, Test Loss: 1.4700, Test Acc: 0.9913
2025-03-21 15:58:20,415 - root - INFO - New best model saved with Test Accuracy: 0.9913
2025-03-21 15:58:34,527 - root - INFO - Epoch 9: Train Loss: 1.4690, Train Acc: 0.9927, Test Loss: 1.4696, Test Acc: 0.9916
2025-03-21 15:58:34,541 - root - INFO - New best model saved with Test Accuracy: 0.9916
2025-03-21 15:58:48,695 - root - INFO - Epoch 10: Train Loss: 1.4683, Train Acc: 0.9931, Test Loss: 1.4697, Test Acc: 0.9914
2025-03-21 15:59:02,787 - root - INFO - Epoch 11: Train Loss: 1.4673, Train Acc: 0.9942, Test Loss: 1.4690, Test Acc: 0.9923
2025-03-21 15:59:02,801 - root - INFO - New best model saved with Test Accuracy: 0.9923
2025-03-21 15:59:16,978 - root - INFO - Epoch 12: Train Loss: 1.4671, Train Acc: 0.9942, Test Loss: 1.4698, Test Acc: 0.9919
2025-03-21 15:59:31,146 - root - INFO - Epoch 13: Train Loss: 1.4665, Train Acc: 0.9949, Test Loss: 1.4690, Test Acc: 0.9925
2025-03-21 15:59:31,163 - root - INFO - New best model saved with Test Accuracy: 0.9925
2025-03-21 15:59:45,273 - root - INFO - Epoch 14: Train Loss: 1.4659, Train Acc: 0.9956, Test Loss: 1.4686, Test Acc: 0.9929
2025-03-21 15:59:45,290 - root - INFO - New best model saved with Test Accuracy: 0.9929
2025-03-21 15:59:59,573 - root - INFO - Epoch 15: Train Loss: 1.4658, Train Acc: 0.9956, Test Loss: 1.4687, Test Acc: 0.9928
2025-03-21 15:59:59,865 - root - INFO - Training completed. Model and plots saved.
2025-03-23 20:20:55,212 - root - INFO - Improved model initialized.
2025-03-23 20:21:30,249 - root - INFO - Improved model initialized.
2025-03-23 20:24:43,821 - root - INFO - Improved model initialized.
2025-03-23 20:25:04,898 - root - INFO - Epoch 1: Train Loss: 1.6250, Train Acc: 0.8383, Test Loss: 1.5076, Test Acc: 0.9558
2025-03-23 20:25:04,903 - root - INFO - New best model saved with Test Accuracy: 0.9558
2025-03-23 20:25:19,252 - root - INFO - Improved model initialized.
2025-03-23 20:25:40,294 - root - INFO - Improved model initialized.
2025-03-23 20:25:54,873 - root - INFO - Epoch 1: Train Loss: 1.6998, Train Acc: 0.7629, Test Loss: 1.5185, Test Acc: 0.9465
2025-03-23 20:25:54,878 - root - INFO - New best model saved with Test Accuracy: 0.9465
2025-03-23 20:26:08,956 - root - INFO - Epoch 2: Train Loss: 1.5122, Train Acc: 0.9503, Test Loss: 1.5017, Test Acc: 0.9595
2025-03-23 20:26:08,960 - root - INFO - New best model saved with Test Accuracy: 0.9595
2025-03-23 20:26:23,211 - root - INFO - Epoch 3: Train Loss: 1.4968, Train Acc: 0.9650, Test Loss: 1.4861, Test Acc: 0.9760
2025-03-23 20:26:23,216 - root - INFO - New best model saved with Test Accuracy: 0.9760
2025-03-23 20:26:37,400 - root - INFO - Epoch 4: Train Loss: 1.4904, Train Acc: 0.9714, Test Loss: 1.4828, Test Acc: 0.9786
2025-03-23 20:26:37,404 - root - INFO - New best model saved with Test Accuracy: 0.9786
2025-03-23 20:26:51,828 - root - INFO - Epoch 5: Train Loss: 1.4866, Train Acc: 0.9751, Test Loss: 1.4819, Test Acc: 0.9805
2025-03-23 20:26:51,832 - root - INFO - New best model saved with Test Accuracy: 0.9805
2025-03-23 20:27:06,105 - root - INFO - Epoch 6: Train Loss: 1.4833, Train Acc: 0.9783, Test Loss: 1.4786, Test Acc: 0.9824
2025-03-23 20:27:06,109 - root - INFO - New best model saved with Test Accuracy: 0.9824
2025-03-23 20:27:20,179 - root - INFO - Epoch 7: Train Loss: 1.4803, Train Acc: 0.9814, Test Loss: 1.4789, Test Acc: 0.9820
2025-03-23 20:27:34,332 - root - INFO - Epoch 8: Train Loss: 1.4790, Train Acc: 0.9828, Test Loss: 1.4786, Test Acc: 0.9830
2025-03-23 20:27:34,337 - root - INFO - New best model saved with Test Accuracy: 0.9830
2025-03-23 20:27:48,374 - root - INFO - Epoch 9: Train Loss: 1.4770, Train Acc: 0.9847, Test Loss: 1.4765, Test Acc: 0.9851
2025-03-23 20:27:48,379 - root - INFO - New best model saved with Test Accuracy: 0.9851
2025-03-23 20:28:02,441 - root - INFO - Epoch 10: Train Loss: 1.4758, Train Acc: 0.9859, Test Loss: 1.4748, Test Acc: 0.9863
2025-03-23 20:28:02,445 - root - INFO - New best model saved with Test Accuracy: 0.9863
2025-03-23 20:28:16,568 - root - INFO - Epoch 11: Train Loss: 1.4744, Train Acc: 0.9872, Test Loss: 1.4755, Test Acc: 0.9861
2025-03-23 20:28:30,616 - root - INFO - Epoch 12: Train Loss: 1.4735, Train Acc: 0.9883, Test Loss: 1.4732, Test Acc: 0.9880
2025-03-23 20:28:30,621 - root - INFO - New best model saved with Test Accuracy: 0.9880
2025-03-23 20:28:44,965 - root - INFO - Epoch 13: Train Loss: 1.4726, Train Acc: 0.9891, Test Loss: 1.4729, Test Acc: 0.9884
2025-03-23 20:28:44,969 - root - INFO - New best model saved with Test Accuracy: 0.9884
2025-03-23 20:28:59,318 - root - INFO - Epoch 14: Train Loss: 1.4724, Train Acc: 0.9892, Test Loss: 1.4733, Test Acc: 0.9882
2025-03-23 20:29:13,618 - root - INFO - Epoch 15: Train Loss: 1.4719, Train Acc: 0.9897, Test Loss: 1.4729, Test Acc: 0.9885
2025-03-23 20:29:13,623 - root - INFO - New best model saved with Test Accuracy: 0.9885
2025-03-23 20:29:13,860 - root - INFO - Training completed. Model and plots saved.
2025-03-23 20:29:33,918 - root - INFO - Improved model initialized.
2025-03-23 20:29:48,877 - root - INFO - Epoch 1: Train Loss: 1.7045, Train Acc: 0.7575, Test Loss: 1.5938, Test Acc: 0.8684
2025-03-23 20:29:48,882 - root - INFO - New best model saved with Test Accuracy: 0.8684
2025-03-23 20:30:03,451 - root - INFO - Epoch 2: Train Loss: 1.5487, Train Acc: 0.9137, Test Loss: 1.5118, Test Acc: 0.9515
2025-03-23 20:30:03,456 - root - INFO - New best model saved with Test Accuracy: 0.9515
2025-03-23 20:30:17,765 - root - INFO - Epoch 3: Train Loss: 1.5051, Train Acc: 0.9573, Test Loss: 1.4922, Test Acc: 0.9706
2025-03-23 20:30:17,770 - root - INFO - New best model saved with Test Accuracy: 0.9706
2025-03-23 20:30:32,125 - root - INFO - Epoch 4: Train Loss: 1.4950, Train Acc: 0.9669, Test Loss: 1.4838, Test Acc: 0.9788
2025-03-23 20:30:32,129 - root - INFO - New best model saved with Test Accuracy: 0.9788
2025-03-23 20:30:46,635 - root - INFO - Epoch 5: Train Loss: 1.4897, Train Acc: 0.9722, Test Loss: 1.4849, Test Acc: 0.9769
2025-03-23 20:31:00,943 - root - INFO - Epoch 6: Train Loss: 1.4863, Train Acc: 0.9754, Test Loss: 1.4825, Test Acc: 0.9789
2025-03-23 20:31:00,947 - root - INFO - New best model saved with Test Accuracy: 0.9789
2025-03-23 20:31:15,378 - root - INFO - Epoch 7: Train Loss: 1.4838, Train Acc: 0.9781, Test Loss: 1.4824, Test Acc: 0.9790
2025-03-23 20:31:15,382 - root - INFO - New best model saved with Test Accuracy: 0.9790
2025-03-23 20:31:29,778 - root - INFO - Epoch 8: Train Loss: 1.4810, Train Acc: 0.9806, Test Loss: 1.4776, Test Acc: 0.9838
2025-03-23 20:31:29,782 - root - INFO - New best model saved with Test Accuracy: 0.9838
2025-03-23 20:31:44,149 - root - INFO - Epoch 9: Train Loss: 1.4791, Train Acc: 0.9827, Test Loss: 1.4769, Test Acc: 0.9848
2025-03-23 20:31:44,154 - root - INFO - New best model saved with Test Accuracy: 0.9848
2025-03-23 20:31:58,886 - root - INFO - Epoch 10: Train Loss: 1.4772, Train Acc: 0.9843, Test Loss: 1.4765, Test Acc: 0.9850
2025-03-23 20:31:58,891 - root - INFO - New best model saved with Test Accuracy: 0.9850
2025-03-23 20:32:13,351 - root - INFO - Epoch 11: Train Loss: 1.4763, Train Acc: 0.9853, Test Loss: 1.4756, Test Acc: 0.9856
2025-03-23 20:32:13,355 - root - INFO - New best model saved with Test Accuracy: 0.9856
2025-03-23 20:32:28,013 - root - INFO - Epoch 12: Train Loss: 1.4744, Train Acc: 0.9873, Test Loss: 1.4742, Test Acc: 0.9869
2025-03-23 20:32:28,017 - root - INFO - New best model saved with Test Accuracy: 0.9869
2025-03-23 20:32:42,395 - root - INFO - Epoch 13: Train Loss: 1.4734, Train Acc: 0.9881, Test Loss: 1.4745, Test Acc: 0.9871
2025-03-23 20:32:42,400 - root - INFO - New best model saved with Test Accuracy: 0.9871
2025-03-23 20:32:56,607 - root - INFO - Epoch 14: Train Loss: 1.4726, Train Acc: 0.9888, Test Loss: 1.4716, Test Acc: 0.9898
2025-03-23 20:32:56,611 - root - INFO - New best model saved with Test Accuracy: 0.9898
2025-03-23 20:33:10,687 - root - INFO - Epoch 15: Train Loss: 1.4716, Train Acc: 0.9899, Test Loss: 1.4719, Test Acc: 0.9899
2025-03-23 20:33:10,691 - root - INFO - New best model saved with Test Accuracy: 0.9899
2025-03-23 20:33:24,879 - root - INFO - Epoch 16: Train Loss: 1.4709, Train Acc: 0.9906, Test Loss: 1.4726, Test Acc: 0.9885
2025-03-23 20:33:39,072 - root - INFO - Epoch 17: Train Loss: 1.4702, Train Acc: 0.9913, Test Loss: 1.4726, Test Acc: 0.9882
2025-03-23 20:33:53,207 - root - INFO - Epoch 18: Train Loss: 1.4697, Train Acc: 0.9919, Test Loss: 1.4726, Test Acc: 0.9890
2025-03-23 20:34:07,394 - root - INFO - Epoch 19: Train Loss: 1.4691, Train Acc: 0.9927, Test Loss: 1.4718, Test Acc: 0.9898
2025-03-23 20:34:21,481 - root - INFO - Epoch 20: Train Loss: 1.4686, Train Acc: 0.9928, Test Loss: 1.4713, Test Acc: 0.9896
2025-03-23 20:34:35,578 - root - INFO - Epoch 21: Train Loss: 1.4684, Train Acc: 0.9930, Test Loss: 1.4717, Test Acc: 0.9900
2025-03-23 20:34:35,582 - root - INFO - New best model saved with Test Accuracy: 0.9900
2025-03-23 20:34:49,688 - root - INFO - Epoch 22: Train Loss: 1.4682, Train Acc: 0.9932, Test Loss: 1.4717, Test Acc: 0.9897
2025-03-23 20:35:03,828 - root - INFO - Epoch 23: Train Loss: 1.4680, Train Acc: 0.9934, Test Loss: 1.4712, Test Acc: 0.9901
2025-03-23 20:35:03,833 - root - INFO - New best model saved with Test Accuracy: 0.9901
2025-03-23 20:35:17,954 - root - INFO - Epoch 24: Train Loss: 1.4678, Train Acc: 0.9938, Test Loss: 1.4713, Test Acc: 0.9903
2025-03-23 20:35:17,958 - root - INFO - New best model saved with Test Accuracy: 0.9903
2025-03-23 20:35:32,105 - root - INFO - Epoch 25: Train Loss: 1.4677, Train Acc: 0.9939, Test Loss: 1.4712, Test Acc: 0.9907
2025-03-23 20:35:32,109 - root - INFO - New best model saved with Test Accuracy: 0.9907
2025-03-23 20:35:32,345 - root - INFO - Training completed. Model and plots saved.
2025-03-23 20:43:33,337 - root - INFO - Improved model initialized.
2025-03-23 20:43:47,777 - root - INFO - Epoch 1: Train Loss: 1.6689, Train Acc: 0.7951, Test Loss: 1.5238, Test Acc: 0.9400
2025-03-23 20:43:47,781 - root - INFO - New best model saved with Test Accuracy: 0.9400
2025-03-23 20:44:01,941 - root - INFO - Epoch 2: Train Loss: 1.5211, Train Acc: 0.9413, Test Loss: 1.4982, Test Acc: 0.9635
2025-03-23 20:44:01,945 - root - INFO - New best model saved with Test Accuracy: 0.9635
2025-03-23 20:44:16,236 - root - INFO - Epoch 3: Train Loss: 1.5021, Train Acc: 0.9599, Test Loss: 1.4911, Test Acc: 0.9705
2025-03-23 20:44:16,240 - root - INFO - New best model saved with Test Accuracy: 0.9705
2025-03-23 20:44:30,572 - root - INFO - Epoch 4: Train Loss: 1.4942, Train Acc: 0.9680, Test Loss: 1.4931, Test Acc: 0.9692
2025-03-23 20:44:44,896 - root - INFO - Epoch 5: Train Loss: 1.4901, Train Acc: 0.9715, Test Loss: 1.4881, Test Acc: 0.9737
2025-03-23 20:44:44,901 - root - INFO - New best model saved with Test Accuracy: 0.9737
2025-03-23 20:44:59,114 - root - INFO - Epoch 6: Train Loss: 1.4859, Train Acc: 0.9756, Test Loss: 1.4805, Test Acc: 0.9809
2025-03-23 20:44:59,119 - root - INFO - New best model saved with Test Accuracy: 0.9809
2025-03-23 20:45:13,559 - root - INFO - Epoch 7: Train Loss: 1.4835, Train Acc: 0.9781, Test Loss: 1.4804, Test Acc: 0.9811
2025-03-23 20:45:13,564 - root - INFO - New best model saved with Test Accuracy: 0.9811
2025-03-23 20:45:27,783 - root - INFO - Epoch 8: Train Loss: 1.4814, Train Acc: 0.9802, Test Loss: 1.4822, Test Acc: 0.9790
2025-03-23 20:45:41,978 - root - INFO - Epoch 9: Train Loss: 1.4788, Train Acc: 0.9827, Test Loss: 1.4785, Test Acc: 0.9832
2025-03-23 20:45:41,982 - root - INFO - New best model saved with Test Accuracy: 0.9832
2025-03-23 20:45:56,373 - root - INFO - Epoch 10: Train Loss: 1.4775, Train Acc: 0.9841, Test Loss: 1.4754, Test Acc: 0.9858
2025-03-23 20:45:56,377 - root - INFO - New best model saved with Test Accuracy: 0.9858
2025-03-23 20:46:10,590 - root - INFO - Epoch 11: Train Loss: 1.4757, Train Acc: 0.9860, Test Loss: 1.4741, Test Acc: 0.9872
2025-03-23 20:46:10,594 - root - INFO - New best model saved with Test Accuracy: 0.9872
2025-03-23 20:46:24,896 - root - INFO - Epoch 12: Train Loss: 1.4747, Train Acc: 0.9869, Test Loss: 1.4732, Test Acc: 0.9880
2025-03-23 20:46:24,901 - root - INFO - New best model saved with Test Accuracy: 0.9880
2025-03-23 20:46:39,139 - root - INFO - Epoch 13: Train Loss: 1.4737, Train Acc: 0.9876, Test Loss: 1.4738, Test Acc: 0.9877
2025-03-23 20:46:53,121 - root - INFO - Epoch 14: Train Loss: 1.4727, Train Acc: 0.9888, Test Loss: 1.4727, Test Acc: 0.9889
2025-03-23 20:46:53,125 - root - INFO - New best model saved with Test Accuracy: 0.9889
2025-03-23 20:47:07,004 - root - INFO - Epoch 15: Train Loss: 1.4720, Train Acc: 0.9895, Test Loss: 1.4733, Test Acc: 0.9881
2025-03-23 20:47:20,978 - root - INFO - Epoch 16: Train Loss: 1.4709, Train Acc: 0.9908, Test Loss: 1.4711, Test Acc: 0.9901
2025-03-23 20:47:20,983 - root - INFO - New best model saved with Test Accuracy: 0.9901
2025-03-23 20:47:34,929 - root - INFO - Epoch 17: Train Loss: 1.4705, Train Acc: 0.9911, Test Loss: 1.4713, Test Acc: 0.9902
2025-03-23 20:47:34,934 - root - INFO - New best model saved with Test Accuracy: 0.9902
2025-03-23 20:47:48,793 - root - INFO - Epoch 18: Train Loss: 1.4697, Train Acc: 0.9918, Test Loss: 1.4703, Test Acc: 0.9913
2025-03-23 20:47:48,797 - root - INFO - New best model saved with Test Accuracy: 0.9913
2025-03-23 20:48:02,711 - root - INFO - Epoch 19: Train Loss: 1.4691, Train Acc: 0.9925, Test Loss: 1.4710, Test Acc: 0.9906
2025-03-23 20:48:16,609 - root - INFO - Epoch 20: Train Loss: 1.4686, Train Acc: 0.9929, Test Loss: 1.4714, Test Acc: 0.9903
2025-03-23 20:48:30,575 - root - INFO - Epoch 21: Train Loss: 1.4684, Train Acc: 0.9932, Test Loss: 1.4701, Test Acc: 0.9914
2025-03-23 20:48:30,580 - root - INFO - New best model saved with Test Accuracy: 0.9914
2025-03-23 20:48:44,591 - root - INFO - Epoch 22: Train Loss: 1.4681, Train Acc: 0.9933, Test Loss: 1.4697, Test Acc: 0.9921
2025-03-23 20:48:44,595 - root - INFO - New best model saved with Test Accuracy: 0.9921
2025-03-23 20:48:58,507 - root - INFO - Epoch 23: Train Loss: 1.4675, Train Acc: 0.9939, Test Loss: 1.4702, Test Acc: 0.9911
2025-03-23 20:49:12,507 - root - INFO - Epoch 24: Train Loss: 1.4674, Train Acc: 0.9941, Test Loss: 1.4706, Test Acc: 0.9906
2025-03-23 20:49:26,889 - root - INFO - Epoch 25: Train Loss: 1.4670, Train Acc: 0.9945, Test Loss: 1.4702, Test Acc: 0.9907
2025-03-23 20:49:41,836 - root - INFO - Epoch 26: Train Loss: 1.4669, Train Acc: 0.9947, Test Loss: 1.4697, Test Acc: 0.9917
2025-03-23 20:49:56,749 - root - INFO - Epoch 27: Train Loss: 1.4667, Train Acc: 0.9947, Test Loss: 1.4695, Test Acc: 0.9916
2025-03-23 20:50:11,577 - root - INFO - Epoch 28: Train Loss: 1.4666, Train Acc: 0.9949, Test Loss: 1.4697, Test Acc: 0.9915
2025-03-23 20:50:26,101 - root - INFO - Epoch 29: Train Loss: 1.4665, Train Acc: 0.9950, Test Loss: 1.4696, Test Acc: 0.9918
2025-03-23 20:50:40,560 - root - INFO - Epoch 30: Train Loss: 1.4665, Train Acc: 0.9950, Test Loss: 1.4696, Test Acc: 0.9916
2025-03-23 20:50:40,873 - root - INFO - Training completed. Model and plots saved.
2025-03-23 21:01:36,672 - root - INFO - Improved model initialized.
2025-03-23 21:01:51,443 - root - INFO - Epoch 1: Train Loss: 1.7098, Train Acc: 0.7550, Test Loss: 1.5234, Test Acc: 0.9392
2025-03-23 21:01:51,447 - root - INFO - New best model saved with Test Accuracy: 0.9392
2025-03-23 21:02:05,754 - root - INFO - Epoch 2: Train Loss: 1.5160, Train Acc: 0.9474, Test Loss: 1.4951, Test Acc: 0.9674
2025-03-23 21:02:05,758 - root - INFO - New best model saved with Test Accuracy: 0.9674
2025-03-23 21:02:19,853 - root - INFO - Epoch 3: Train Loss: 1.4982, Train Acc: 0.9643, Test Loss: 1.4892, Test Acc: 0.9729
2025-03-23 21:02:19,857 - root - INFO - New best model saved with Test Accuracy: 0.9729
2025-03-23 21:02:33,990 - root - INFO - Epoch 4: Train Loss: 1.4908, Train Acc: 0.9716, Test Loss: 1.4845, Test Acc: 0.9778
2025-03-23 21:02:33,994 - root - INFO - New best model saved with Test Accuracy: 0.9778
2025-03-23 21:02:48,303 - root - INFO - Epoch 5: Train Loss: 1.4865, Train Acc: 0.9753, Test Loss: 1.4835, Test Acc: 0.9783
2025-03-23 21:02:48,307 - root - INFO - New best model saved with Test Accuracy: 0.9783
2025-03-23 21:03:02,367 - root - INFO - Epoch 6: Train Loss: 1.4830, Train Acc: 0.9787, Test Loss: 1.4790, Test Acc: 0.9822
2025-03-23 21:03:02,371 - root - INFO - New best model saved with Test Accuracy: 0.9822
2025-03-23 21:03:16,488 - root - INFO - Epoch 7: Train Loss: 1.4802, Train Acc: 0.9816, Test Loss: 1.4785, Test Acc: 0.9829
2025-03-23 21:03:16,492 - root - INFO - New best model saved with Test Accuracy: 0.9829
2025-03-23 21:03:30,757 - root - INFO - Epoch 8: Train Loss: 1.4778, Train Acc: 0.9839, Test Loss: 1.4741, Test Acc: 0.9877
2025-03-23 21:03:30,761 - root - INFO - New best model saved with Test Accuracy: 0.9877
2025-03-23 21:03:44,980 - root - INFO - Epoch 9: Train Loss: 1.4757, Train Acc: 0.9861, Test Loss: 1.4741, Test Acc: 0.9875
2025-03-23 21:03:59,105 - root - INFO - Epoch 10: Train Loss: 1.4749, Train Acc: 0.9867, Test Loss: 1.4740, Test Acc: 0.9874
2025-03-23 21:04:13,203 - root - INFO - Epoch 11: Train Loss: 1.4737, Train Acc: 0.9879, Test Loss: 1.4731, Test Acc: 0.9886
2025-03-23 21:04:13,207 - root - INFO - New best model saved with Test Accuracy: 0.9886
2025-03-23 21:04:27,283 - root - INFO - Epoch 12: Train Loss: 1.4722, Train Acc: 0.9895, Test Loss: 1.4731, Test Acc: 0.9877
2025-03-23 21:04:41,331 - root - INFO - Epoch 13: Train Loss: 1.4714, Train Acc: 0.9901, Test Loss: 1.4741, Test Acc: 0.9872
2025-03-23 21:04:55,444 - root - INFO - Epoch 14: Train Loss: 1.4706, Train Acc: 0.9911, Test Loss: 1.4714, Test Acc: 0.9898
2025-03-23 21:04:55,449 - root - INFO - New best model saved with Test Accuracy: 0.9898
2025-03-23 21:05:09,740 - root - INFO - Epoch 15: Train Loss: 1.4699, Train Acc: 0.9915, Test Loss: 1.4718, Test Acc: 0.9898
2025-03-23 21:05:24,056 - root - INFO - Epoch 16: Train Loss: 1.4689, Train Acc: 0.9927, Test Loss: 1.4697, Test Acc: 0.9920
2025-03-23 21:05:24,060 - root - INFO - New best model saved with Test Accuracy: 0.9920
2025-03-23 21:05:38,402 - root - INFO - Epoch 17: Train Loss: 1.4684, Train Acc: 0.9932, Test Loss: 1.4708, Test Acc: 0.9906
2025-03-23 21:05:52,654 - root - INFO - Epoch 18: Train Loss: 1.4678, Train Acc: 0.9937, Test Loss: 1.4702, Test Acc: 0.9909
2025-03-23 21:06:06,954 - root - INFO - Epoch 19: Train Loss: 1.4674, Train Acc: 0.9941, Test Loss: 1.4698, Test Acc: 0.9913
2025-03-23 21:06:21,372 - root - INFO - Epoch 20: Train Loss: 1.4668, Train Acc: 0.9945, Test Loss: 1.4697, Test Acc: 0.9916
2025-03-23 21:06:35,871 - root - INFO - Epoch 21: Train Loss: 1.4662, Train Acc: 0.9952, Test Loss: 1.4697, Test Acc: 0.9918
2025-03-23 21:06:50,347 - root - INFO - Epoch 22: Train Loss: 1.4660, Train Acc: 0.9955, Test Loss: 1.4698, Test Acc: 0.9918
2025-03-23 21:07:04,557 - root - INFO - Epoch 23: Train Loss: 1.4657, Train Acc: 0.9958, Test Loss: 1.4701, Test Acc: 0.9914
2025-03-23 21:07:18,983 - root - INFO - Epoch 24: Train Loss: 1.4654, Train Acc: 0.9959, Test Loss: 1.4698, Test Acc: 0.9917
2025-03-23 21:07:33,366 - root - INFO - Epoch 25: Train Loss: 1.4652, Train Acc: 0.9961, Test Loss: 1.4699, Test Acc: 0.9913
2025-03-23 21:07:47,588 - root - INFO - Epoch 26: Train Loss: 1.4650, Train Acc: 0.9964, Test Loss: 1.4698, Test Acc: 0.9915
2025-03-23 21:08:01,993 - root - INFO - Epoch 27: Train Loss: 1.4649, Train Acc: 0.9965, Test Loss: 1.4697, Test Acc: 0.9917
2025-03-23 21:08:16,341 - root - INFO - Epoch 28: Train Loss: 1.4648, Train Acc: 0.9966, Test Loss: 1.4698, Test Acc: 0.9915
2025-03-23 21:08:30,728 - root - INFO - Epoch 29: Train Loss: 1.4648, Train Acc: 0.9966, Test Loss: 1.4697, Test Acc: 0.9914
2025-03-23 21:08:45,160 - root - INFO - Epoch 30: Train Loss: 1.4646, Train Acc: 0.9968, Test Loss: 1.4696, Test Acc: 0.9917
2025-03-23 21:08:45,399 - root - INFO - Training completed. Model and plots saved.
2025-03-23 21:09:03,008 - root - INFO - Improved model initialized.
2025-03-23 21:09:17,968 - root - INFO - Epoch 1: Train Loss: 1.6847, Train Acc: 0.7827, Test Loss: 1.5141, Test Acc: 0.9517
2025-03-23 21:09:17,973 - root - INFO - New best model saved with Test Accuracy: 0.9517
2025-03-23 21:09:32,542 - root - INFO - Epoch 2: Train Loss: 1.5151, Train Acc: 0.9478, Test Loss: 1.5046, Test Acc: 0.9570
2025-03-23 21:09:32,546 - root - INFO - New best model saved with Test Accuracy: 0.9570
2025-03-23 21:09:47,002 - root - INFO - Epoch 3: Train Loss: 1.4999, Train Acc: 0.9627, Test Loss: 1.4907, Test Acc: 0.9723
2025-03-23 21:09:47,006 - root - INFO - New best model saved with Test Accuracy: 0.9723
2025-03-23 21:10:01,434 - root - INFO - Epoch 4: Train Loss: 1.4933, Train Acc: 0.9686, Test Loss: 1.4940, Test Acc: 0.9682
2025-03-23 21:10:15,900 - root - INFO - Epoch 5: Train Loss: 1.4879, Train Acc: 0.9737, Test Loss: 1.4811, Test Acc: 0.9809
2025-03-23 21:10:15,904 - root - INFO - New best model saved with Test Accuracy: 0.9809
2025-03-23 21:10:30,427 - root - INFO - Epoch 6: Train Loss: 1.4835, Train Acc: 0.9780, Test Loss: 1.4784, Test Acc: 0.9835
2025-03-23 21:10:30,432 - root - INFO - New best model saved with Test Accuracy: 0.9835
2025-03-23 21:10:44,800 - root - INFO - Epoch 7: Train Loss: 1.4804, Train Acc: 0.9814, Test Loss: 1.4758, Test Acc: 0.9857
2025-03-23 21:10:44,804 - root - INFO - New best model saved with Test Accuracy: 0.9857
2025-03-23 21:10:59,306 - root - INFO - Epoch 8: Train Loss: 1.4784, Train Acc: 0.9832, Test Loss: 1.4742, Test Acc: 0.9864
2025-03-23 21:10:59,310 - root - INFO - New best model saved with Test Accuracy: 0.9864
2025-03-23 21:11:13,698 - root - INFO - Epoch 9: Train Loss: 1.4761, Train Acc: 0.9855, Test Loss: 1.4845, Test Acc: 0.9763
2025-03-23 21:11:28,066 - root - INFO - Epoch 10: Train Loss: 1.4744, Train Acc: 0.9871, Test Loss: 1.4757, Test Acc: 0.9856
2025-03-23 21:11:42,346 - root - INFO - Epoch 11: Train Loss: 1.4731, Train Acc: 0.9884, Test Loss: 1.4777, Test Acc: 0.9840
2025-03-23 21:11:56,478 - root - INFO - Epoch 12: Train Loss: 1.4722, Train Acc: 0.9893, Test Loss: 1.4712, Test Acc: 0.9902
2025-03-23 21:11:56,482 - root - INFO - New best model saved with Test Accuracy: 0.9902
2025-03-23 21:12:10,666 - root - INFO - Epoch 13: Train Loss: 1.4705, Train Acc: 0.9910, Test Loss: 1.4710, Test Acc: 0.9901
2025-03-23 21:12:24,785 - root - INFO - Epoch 14: Train Loss: 1.4697, Train Acc: 0.9917, Test Loss: 1.4748, Test Acc: 0.9867
2025-03-23 21:12:38,919 - root - INFO - Epoch 15: Train Loss: 1.4691, Train Acc: 0.9923, Test Loss: 1.4705, Test Acc: 0.9909
2025-03-23 21:12:38,923 - root - INFO - New best model saved with Test Accuracy: 0.9909
2025-03-23 21:12:53,098 - root - INFO - Epoch 16: Train Loss: 1.4681, Train Acc: 0.9934, Test Loss: 1.4697, Test Acc: 0.9923
2025-03-23 21:12:53,102 - root - INFO - New best model saved with Test Accuracy: 0.9923
2025-03-23 21:13:07,258 - root - INFO - Epoch 17: Train Loss: 1.4672, Train Acc: 0.9941, Test Loss: 1.4701, Test Acc: 0.9910
2025-03-23 21:13:21,472 - root - INFO - Epoch 18: Train Loss: 1.4669, Train Acc: 0.9944, Test Loss: 1.4694, Test Acc: 0.9920
2025-03-23 21:13:35,772 - root - INFO - Epoch 19: Train Loss: 1.4668, Train Acc: 0.9947, Test Loss: 1.4697, Test Acc: 0.9917
2025-03-23 21:13:50,188 - root - INFO - Epoch 20: Train Loss: 1.4657, Train Acc: 0.9956, Test Loss: 1.4707, Test Acc: 0.9905
2025-03-23 21:14:04,576 - root - INFO - Epoch 21: Train Loss: 1.4655, Train Acc: 0.9958, Test Loss: 1.4682, Test Acc: 0.9931
2025-03-23 21:14:04,580 - root - INFO - New best model saved with Test Accuracy: 0.9931
2025-03-23 21:14:18,934 - root - INFO - Epoch 22: Train Loss: 1.4651, Train Acc: 0.9962, Test Loss: 1.4685, Test Acc: 0.9928
2025-03-23 21:14:33,399 - root - INFO - Epoch 23: Train Loss: 1.4647, Train Acc: 0.9967, Test Loss: 1.4679, Test Acc: 0.9935
2025-03-23 21:14:33,404 - root - INFO - New best model saved with Test Accuracy: 0.9935
2025-03-23 21:14:47,991 - root - INFO - Epoch 24: Train Loss: 1.4644, Train Acc: 0.9969, Test Loss: 1.4686, Test Acc: 0.9926
2025-03-23 21:15:02,541 - root - INFO - Epoch 25: Train Loss: 1.4642, Train Acc: 0.9971, Test Loss: 1.4680, Test Acc: 0.9931
2025-03-23 21:15:17,182 - root - INFO - Epoch 26: Train Loss: 1.4641, Train Acc: 0.9973, Test Loss: 1.4683, Test Acc: 0.9929
2025-03-23 21:15:31,621 - root - INFO - Epoch 27: Train Loss: 1.4641, Train Acc: 0.9973, Test Loss: 1.4679, Test Acc: 0.9934
2025-03-23 21:15:46,114 - root - INFO - Epoch 28: Train Loss: 1.4639, Train Acc: 0.9974, Test Loss: 1.4678, Test Acc: 0.9934
2025-03-23 21:16:00,424 - root - INFO - Epoch 29: Train Loss: 1.4638, Train Acc: 0.9975, Test Loss: 1.4678, Test Acc: 0.9932
2025-03-23 21:16:14,971 - root - INFO - Epoch 30: Train Loss: 1.4638, Train Acc: 0.9976, Test Loss: 1.4678, Test Acc: 0.9932
2025-03-23 21:16:15,207 - root - INFO - Training completed. Model and plots saved.
2025-03-23 21:19:21,870 - root - INFO - Improved model initialized.
2025-03-23 21:19:42,534 - root - INFO - Epoch 1: Train Loss: 1.6141, Train Acc: 0.8506, Test Loss: 1.4989, Test Acc: 0.9635
2025-03-23 21:19:42,539 - root - INFO - New best model saved with Test Accuracy: 0.9635
2025-03-23 21:20:02,846 - root - INFO - Epoch 2: Train Loss: 1.5054, Train Acc: 0.9568, Test Loss: 1.5028, Test Acc: 0.9589
2025-03-23 21:20:23,164 - root - INFO - Epoch 3: Train Loss: 1.4940, Train Acc: 0.9675, Test Loss: 1.4830, Test Acc: 0.9785
2025-03-23 21:20:23,168 - root - INFO - New best model saved with Test Accuracy: 0.9785
2025-03-23 21:20:43,184 - root - INFO - Epoch 4: Train Loss: 1.4872, Train Acc: 0.9741, Test Loss: 1.4848, Test Acc: 0.9764
2025-03-23 21:21:03,322 - root - INFO - Epoch 5: Train Loss: 1.4823, Train Acc: 0.9792, Test Loss: 1.4826, Test Acc: 0.9786
2025-03-23 21:21:03,326 - root - INFO - New best model saved with Test Accuracy: 0.9786
2025-03-23 21:21:23,341 - root - INFO - Epoch 6: Train Loss: 1.4803, Train Acc: 0.9811, Test Loss: 1.4797, Test Acc: 0.9818
2025-03-23 21:21:23,345 - root - INFO - New best model saved with Test Accuracy: 0.9818
2025-03-23 21:21:43,321 - root - INFO - Epoch 7: Train Loss: 1.4765, Train Acc: 0.9849, Test Loss: 1.4717, Test Acc: 0.9898
2025-03-23 21:21:43,325 - root - INFO - New best model saved with Test Accuracy: 0.9898
2025-03-23 21:22:03,320 - root - INFO - Epoch 8: Train Loss: 1.4750, Train Acc: 0.9863, Test Loss: 1.4749, Test Acc: 0.9868
2025-03-23 21:22:23,253 - root - INFO - Epoch 9: Train Loss: 1.4736, Train Acc: 0.9877, Test Loss: 1.4724, Test Acc: 0.9890
2025-03-23 21:22:43,042 - root - INFO - Epoch 10: Train Loss: 1.4723, Train Acc: 0.9890, Test Loss: 1.4735, Test Acc: 0.9880
2025-03-23 21:23:03,008 - root - INFO - Epoch 11: Train Loss: 1.4711, Train Acc: 0.9902, Test Loss: 1.4723, Test Acc: 0.9890
2025-03-23 21:23:22,917 - root - INFO - Epoch 12: Train Loss: 1.4700, Train Acc: 0.9913, Test Loss: 1.4733, Test Acc: 0.9881
2025-03-23 21:23:42,838 - root - INFO - Epoch 13: Train Loss: 1.4696, Train Acc: 0.9918, Test Loss: 1.4714, Test Acc: 0.9900
2025-03-23 21:23:42,842 - root - INFO - New best model saved with Test Accuracy: 0.9900
2025-03-23 21:24:02,834 - root - INFO - Epoch 14: Train Loss: 1.4688, Train Acc: 0.9924, Test Loss: 1.4697, Test Acc: 0.9914
2025-03-23 21:24:02,838 - root - INFO - New best model saved with Test Accuracy: 0.9914
2025-03-23 21:24:22,874 - root - INFO - Epoch 15: Train Loss: 1.4682, Train Acc: 0.9930, Test Loss: 1.4689, Test Acc: 0.9926
2025-03-23 21:24:22,878 - root - INFO - New best model saved with Test Accuracy: 0.9926
2025-03-23 21:24:43,031 - root - INFO - Epoch 16: Train Loss: 1.4670, Train Acc: 0.9943, Test Loss: 1.4681, Test Acc: 0.9933
2025-03-23 21:24:43,035 - root - INFO - New best model saved with Test Accuracy: 0.9933
2025-03-23 21:25:02,889 - root - INFO - Epoch 17: Train Loss: 1.4666, Train Acc: 0.9947, Test Loss: 1.4684, Test Acc: 0.9930
2025-03-23 21:25:22,633 - root - INFO - Epoch 18: Train Loss: 1.4663, Train Acc: 0.9949, Test Loss: 1.4708, Test Acc: 0.9903
2025-03-23 21:25:42,418 - root - INFO - Epoch 19: Train Loss: 1.4656, Train Acc: 0.9956, Test Loss: 1.4698, Test Acc: 0.9909
2025-03-23 21:26:02,502 - root - INFO - Epoch 20: Train Loss: 1.4653, Train Acc: 0.9959, Test Loss: 1.4686, Test Acc: 0.9924
2025-03-23 21:26:23,213 - root - INFO - Epoch 21: Train Loss: 1.4647, Train Acc: 0.9964, Test Loss: 1.4689, Test Acc: 0.9923
2025-03-23 21:26:43,674 - root - INFO - Epoch 22: Train Loss: 1.4644, Train Acc: 0.9969, Test Loss: 1.4683, Test Acc: 0.9930
2025-03-23 21:27:04,099 - root - INFO - Epoch 23: Train Loss: 1.4640, Train Acc: 0.9973, Test Loss: 1.4679, Test Acc: 0.9927
2025-03-23 21:27:24,356 - root - INFO - Epoch 24: Train Loss: 1.4638, Train Acc: 0.9975, Test Loss: 1.4675, Test Acc: 0.9935
2025-03-23 21:27:24,360 - root - INFO - New best model saved with Test Accuracy: 0.9935
2025-03-23 21:27:44,537 - root - INFO - Epoch 25: Train Loss: 1.4637, Train Acc: 0.9976, Test Loss: 1.4674, Test Acc: 0.9935
2025-03-23 21:28:04,769 - root - INFO - Epoch 26: Train Loss: 1.4635, Train Acc: 0.9978, Test Loss: 1.4676, Test Acc: 0.9939
2025-03-23 21:28:04,773 - root - INFO - New best model saved with Test Accuracy: 0.9939
2025-03-23 21:28:24,866 - root - INFO - Epoch 27: Train Loss: 1.4634, Train Acc: 0.9978, Test Loss: 1.4681, Test Acc: 0.9930
2025-03-23 21:28:45,168 - root - INFO - Epoch 28: Train Loss: 1.4633, Train Acc: 0.9979, Test Loss: 1.4677, Test Acc: 0.9931
2025-03-23 21:29:05,472 - root - INFO - Epoch 29: Train Loss: 1.4632, Train Acc: 0.9980, Test Loss: 1.4675, Test Acc: 0.9940
2025-03-23 21:29:05,477 - root - INFO - New best model saved with Test Accuracy: 0.9940
2025-03-23 21:29:25,706 - root - INFO - Epoch 30: Train Loss: 1.4632, Train Acc: 0.9980, Test Loss: 1.4678, Test Acc: 0.9931
2025-03-23 21:29:25,961 - root - INFO - Training completed. Model and plots saved.
